<?xml version="1.0" encoding="UTF-8"?>
<testng-results skipped="0" failed="2" ignored="0" total="3" passed="1">
  <reporter-output>
  </reporter-output>
  <suite name="Default suite" duration-ms="60356" started-at="2018-03-16T23:07:50Z" finished-at="2018-03-16T23:08:51Z">
    <groups>
    </groups>
    <test name="Default test" duration-ms="60356" started-at="2018-03-16T23:07:50Z" finished-at="2018-03-16T23:08:51Z">
      <class name="com.amazon.qa.pagesTest.SearchResultsPageTest">
        <test-method status="PASS" signature="setUp()[pri:0, instance:com.amazon.qa.pagesTest.SearchResultsPageTest@77caeb3e]" name="setUp" is-config="true" duration-ms="19450" started-at="2018-03-16T19:07:50Z" finished-at="2018-03-16T19:08:10Z">
          <reporter-output>
          </reporter-output>
        </test-method> <!-- setUp -->
        <test-method status="FAIL" signature="verifyTitleTest()[pri:1, instance:com.amazon.qa.pagesTest.SearchResultsPageTest@77caeb3e]" name="verifyTitleTest" duration-ms="33" started-at="2018-03-16T19:08:10Z" finished-at="2018-03-16T19:08:10Z">
          <exception class="java.lang.AssertionError">
            <message>
              <![CDATA[This title is wrong expected [Amazon] but found [Amazon.com: Gifts]]]>
            </message>
            <full-stacktrace>
              <![CDATA[java.lang.AssertionError: This title is wrong expected [Amazon] but found [Amazon.com: Gifts]
	at org.testng.Assert.fail(Assert.java:93)
	at org.testng.Assert.failNotEquals(Assert.java:512)
	at org.testng.Assert.assertEqualsImpl(Assert.java:134)
	at org.testng.Assert.assertEquals(Assert.java:115)
	at org.testng.Assert.assertEquals(Assert.java:189)
	at com.amazon.qa.pagesTest.SearchResultsPageTest.verifyTitleTest(SearchResultsPageTest.java:36)
	at sun.reflect.NativeMethodAccessorImpl.invoke0(Native Method)
	at sun.reflect.NativeMethodAccessorImpl.invoke(NativeMethodAccessorImpl.java:62)
	at sun.reflect.DelegatingMethodAccessorImpl.invoke(DelegatingMethodAccessorImpl.java:43)
	at java.lang.reflect.Method.invoke(Method.java:498)
	at org.testng.internal.MethodInvocationHelper.invokeMethod(MethodInvocationHelper.java:108)
	at org.testng.internal.Invoker.invokeMethod(Invoker.java:661)
	at org.testng.internal.Invoker.invokeTestMethod(Invoker.java:869)
	at org.testng.internal.Invoker.invokeTestMethods(Invoker.java:1193)
	at org.testng.internal.TestMethodWorker.invokeTestMethods(TestMethodWorker.java:126)
	at org.testng.internal.TestMethodWorker.run(TestMethodWorker.java:109)
	at org.testng.TestRunner.privateRun(TestRunner.java:744)
	at org.testng.TestRunner.run(TestRunner.java:602)
	at org.testng.SuiteRunner.runTest(SuiteRunner.java:380)
	at org.testng.SuiteRunner.runSequentially(SuiteRunner.java:375)
	at org.testng.SuiteRunner.privateRun(SuiteRunner.java:340)
	at org.testng.SuiteRunner.run(SuiteRunner.java:289)
	at org.testng.SuiteRunnerWorker.runSuite(SuiteRunnerWorker.java:52)
	at org.testng.SuiteRunnerWorker.run(SuiteRunnerWorker.java:86)
	at org.testng.TestNG.runSuitesSequentially(TestNG.java:1301)
	at org.testng.TestNG.runSuitesLocally(TestNG.java:1226)
	at org.testng.TestNG.runSuites(TestNG.java:1144)
	at org.testng.TestNG.run(TestNG.java:1115)
	at org.testng.remote.AbstractRemoteTestNG.run(AbstractRemoteTestNG.java:114)
	at org.testng.remote.RemoteTestNG.initAndRun(RemoteTestNG.java:251)
	at org.testng.remote.RemoteTestNG.main(RemoteTestNG.java:77)
]]>
            </full-stacktrace>
          </exception> <!-- java.lang.AssertionError -->
          <reporter-output>
          </reporter-output>
        </test-method> <!-- verifyTitleTest -->
        <test-method status="PASS" signature="tearDown()[pri:0, instance:com.amazon.qa.pagesTest.SearchResultsPageTest@77caeb3e]" name="tearDown" is-config="true" duration-ms="1" started-at="2018-03-16T19:08:10Z" finished-at="2018-03-16T19:08:10Z">
          <reporter-output>
          </reporter-output>
        </test-method> <!-- tearDown -->
        <test-method status="PASS" signature="setUp()[pri:0, instance:com.amazon.qa.pagesTest.SearchResultsPageTest@77caeb3e]" name="setUp" is-config="true" duration-ms="20622" started-at="2018-03-16T19:08:10Z" finished-at="2018-03-16T19:08:30Z">
          <reporter-output>
          </reporter-output>
        </test-method> <!-- setUp -->
        <test-method status="PASS" signature="verifyDropDownTest()[pri:2, instance:com.amazon.qa.pagesTest.SearchResultsPageTest@77caeb3e]" name="verifyDropDownTest" duration-ms="329" started-at="2018-03-16T19:08:30Z" finished-at="2018-03-16T19:08:31Z">
          <reporter-output>
          </reporter-output>
        </test-method> <!-- verifyDropDownTest -->
        <test-method status="PASS" signature="tearDown()[pri:0, instance:com.amazon.qa.pagesTest.SearchResultsPageTest@77caeb3e]" name="tearDown" is-config="true" duration-ms="0" started-at="2018-03-16T19:08:31Z" finished-at="2018-03-16T19:08:31Z">
          <reporter-output>
          </reporter-output>
        </test-method> <!-- tearDown -->
        <test-method status="PASS" signature="setUp()[pri:0, instance:com.amazon.qa.pagesTest.SearchResultsPageTest@77caeb3e]" name="setUp" is-config="true" duration-ms="19752" started-at="2018-03-16T19:08:31Z" finished-at="2018-03-16T19:08:50Z">
          <reporter-output>
          </reporter-output>
        </test-method> <!-- setUp -->
        <test-method status="FAIL" signature="verifyAfterTitleTest()[pri:3, instance:com.amazon.qa.pagesTest.SearchResultsPageTest@77caeb3e]" name="verifyAfterTitleTest" duration-ms="133" started-at="2018-03-16T19:08:50Z" finished-at="2018-03-16T19:08:51Z">
          <exception class="java.lang.AssertionError">
            <message>
              <![CDATA[This title is wrong expected [Amazon] but found [Amazon.com: Gifts]]]>
            </message>
            <full-stacktrace>
              <![CDATA[java.lang.AssertionError: This title is wrong expected [Amazon] but found [Amazon.com: Gifts]
	at org.testng.Assert.fail(Assert.java:93)
	at org.testng.Assert.failNotEquals(Assert.java:512)
	at org.testng.Assert.assertEqualsImpl(Assert.java:134)
	at org.testng.Assert.assertEquals(Assert.java:115)
	at org.testng.Assert.assertEquals(Assert.java:189)
	at com.amazon.qa.pagesTest.SearchResultsPageTest.verifyAfterTitleTest(SearchResultsPageTest.java:47)
	at sun.reflect.NativeMethodAccessorImpl.invoke0(Native Method)
	at sun.reflect.NativeMethodAccessorImpl.invoke(NativeMethodAccessorImpl.java:62)
	at sun.reflect.DelegatingMethodAccessorImpl.invoke(DelegatingMethodAccessorImpl.java:43)
	at java.lang.reflect.Method.invoke(Method.java:498)
	at org.testng.internal.MethodInvocationHelper.invokeMethod(MethodInvocationHelper.java:108)
	at org.testng.internal.Invoker.invokeMethod(Invoker.java:661)
	at org.testng.internal.Invoker.invokeTestMethod(Invoker.java:869)
	at org.testng.internal.Invoker.invokeTestMethods(Invoker.java:1193)
	at org.testng.internal.TestMethodWorker.invokeTestMethods(TestMethodWorker.java:126)
	at org.testng.internal.TestMethodWorker.run(TestMethodWorker.java:109)
	at org.testng.TestRunner.privateRun(TestRunner.java:744)
	at org.testng.TestRunner.run(TestRunner.java:602)
	at org.testng.SuiteRunner.runTest(SuiteRunner.java:380)
	at org.testng.SuiteRunner.runSequentially(SuiteRunner.java:375)
	at org.testng.SuiteRunner.privateRun(SuiteRunner.java:340)
	at org.testng.SuiteRunner.run(SuiteRunner.java:289)
	at org.testng.SuiteRunnerWorker.runSuite(SuiteRunnerWorker.java:52)
	at org.testng.SuiteRunnerWorker.run(SuiteRunnerWorker.java:86)
	at org.testng.TestNG.runSuitesSequentially(TestNG.java:1301)
	at org.testng.TestNG.runSuitesLocally(TestNG.java:1226)
	at org.testng.TestNG.runSuites(TestNG.java:1144)
	at org.testng.TestNG.run(TestNG.java:1115)
	at org.testng.remote.AbstractRemoteTestNG.run(AbstractRemoteTestNG.java:114)
	at org.testng.remote.RemoteTestNG.initAndRun(RemoteTestNG.java:251)
	at org.testng.remote.RemoteTestNG.main(RemoteTestNG.java:77)
]]>
            </full-stacktrace>
          </exception> <!-- java.lang.AssertionError -->
          <reporter-output>
          </reporter-output>
        </test-method> <!-- verifyAfterTitleTest -->
        <test-method status="PASS" signature="tearDown()[pri:0, instance:com.amazon.qa.pagesTest.SearchResultsPageTest@77caeb3e]" name="tearDown" is-config="true" duration-ms="0" started-at="2018-03-16T19:08:51Z" finished-at="2018-03-16T19:08:51Z">
          <reporter-output>
          </reporter-output>
        </test-method> <!-- tearDown -->
      </class> <!-- com.amazon.qa.pagesTest.SearchResultsPageTest -->
    </test> <!-- Default test -->
  </suite> <!-- Default suite -->
</testng-results>
